<?xml version="1.0" encoding="UTF-8"?>
<!-- Generated by org.testng.reporters.JUnitXMLReporter -->
<testsuite ignored="2" hostname="DESKTOP-NRPVL3J" failures="0" tests="10" name="Default test" time="0.056" errors="0" timestamp="26 Oct 2021 00:28:54 GMT">
  <testcase classname="testNG.TestNGAnnotations" name="testC" time="0.003"/>
  <testcase classname="testNG.TestNGAnnotations" name="testC" time="0.001"/>
  <testcase classname="testNG.TestNGAnnotations" name="testC" time="0.001"/>
  <testcase classname="testNG.TestNGAnnotations" name="testC" time="0.001"/>
  <testcase classname="testNG.TestNGAnnotations" name="testC" time="0.001"/>
  <testcase classname="testNG.TestNGAnnotations" name="testC" time="0.001"/>
  <testcase classname="testNG.TestNGAnnotations" name="testC" time="0.001"/>
  <testcase classname="testNG.TestNGAnnotations" name="testC" time="0.001"/>
  <testcase classname="testNG.TestNGAnnotations" name="testC" time="0.001"/>
  <testcase classname="testNG.TestNGAnnotations" name="testC" time="0.001"/>
  <testcase classname="testNG.TestNGAnnotations" name="testB" time="0.0">
    <ignored/>
  </testcase> <!-- testB -->
  <testcase classname="testNG.TestNGAnnotations" name="testA" time="0.0">
    <ignored/>
  </testcase> <!-- testA -->
</testsuite> <!-- Default test -->
